Arguments: 
  /usr/local/Cellar/node/10.11.0/bin/node /usr/local/bin/yarn install -g remark-lint

PATH: 
  /Users/thomas/.golang/bin:/Users/thomas/.bin:/usr/local/opt/ruby/bin:/usr/local/sbin:/usr/local/bin:/usr/sbin:/usr/bin:/sbin:/bin:/usr/X11R6/bin:/usr/local/opt/fzf/bin

Yarn version: 
  1.5.1

Node version: 
  10.11.0

Platform: 
  darwin x64

npm manifest: 
  No manifest

yarn manifest: 
  No manifest

Lockfile: 
  No lockfile

Trace: 
  Error: `--global` has been deprecated. Please run "yarn global add remark-lint" instead.
      at new MessageError (/usr/local/lib/node_modules/yarn/lib/cli.js:186:110)
      at Object.<anonymous> (/usr/local/lib/node_modules/yarn/lib/cli.js:21987:13)
      at Generator.next (<anonymous>)
      at step (/usr/local/lib/node_modules/yarn/lib/cli.js:98:30)
      at /usr/local/lib/node_modules/yarn/lib/cli.js:109:13
